[2023-11-17 08:56:59] local.ERROR: Class "DOMDocument" not found {"exception":"[object] (Error(code: 0): Class \"DOMDocument\" not found at /usr/home/dppi/finance_rep/vendor/nunomaduro/termwind/src/HtmlRenderer.php:32)
[stacktrace]
#0 /usr/home/dppi/finance_rep/vendor/nunomaduro/termwind/src/HtmlRenderer.php(24): Termwind\\HtmlRenderer->parse()
#1 /usr/home/dppi/finance_rep/vendor/nunomaduro/termwind/src/Functions.php(41): Termwind\\HtmlRenderer->render()
#2 /usr/home/dppi/finance_rep/vendor/laravel/framework/src/Illuminate/Console/View/Components/Component.php(51): Termwind\\render()
#3 /usr/home/dppi/finance_rep/vendor/laravel/framework/src/Illuminate/Console/View/Components/Line.php(49): Illuminate\\Console\\View\\Components\\Component->renderView()
#4 /usr/home/dppi/finance_rep/vendor/laravel/framework/src/Illuminate/Console/View/Components/Info.php(18): Illuminate\\Console\\View\\Components\\Line->render()
#5 /usr/home/dppi/finance_rep/vendor/laravel/framework/src/Illuminate/Console/View/Components/Factory.php(58): Illuminate\\Console\\View\\Components\\Info->render()
#6 /usr/home/dppi/finance_rep/vendor/laravel/framework/src/Illuminate/Foundation/Console/StorageLinkCommand.php(63): Illuminate\\Console\\View\\Components\\Factory->__call()
#7 /usr/home/dppi/finance_rep/vendor/laravel/framework/src/Illuminate/Container/BoundMethod.php(36): Illuminate\\Foundation\\Console\\StorageLinkCommand->handle()
#8 /usr/home/dppi/finance_rep/vendor/laravel/framework/src/Illuminate/Container/Util.php(41): Illuminate\\Container\\BoundMethod::Illuminate\\Container\\{closure}()
#9 /usr/home/dppi/finance_rep/vendor/laravel/framework/src/Illuminate/Container/BoundMethod.php(93): Illuminate\\Container\\Util::unwrapIfClosure()
#10 /usr/home/dppi/finance_rep/vendor/laravel/framework/src/Illuminate/Container/BoundMethod.php(37): Illuminate\\Container\\BoundMethod::callBoundMethod()
#11 /usr/home/dppi/finance_rep/vendor/laravel/framework/src/Illuminate/Container/Container.php(661): Illuminate\\Container\\BoundMethod::call()
#12 /usr/home/dppi/finance_rep/vendor/laravel/framework/src/Illuminate/Console/Command.php(183): Illuminate\\Container\\Container->call()
#13 /usr/home/dppi/finance_rep/vendor/symfony/console/Command/Command.php(291): Illuminate\\Console\\Command->execute()
#14 /usr/home/dppi/finance_rep/vendor/laravel/framework/src/Illuminate/Console/Command.php(153): Symfony\\Component\\Console\\Command\\Command->run()
#15 /usr/home/dppi/finance_rep/vendor/symfony/console/Application.php(1014): Illuminate\\Console\\Command->run()
#16 /usr/home/dppi/finance_rep/vendor/symfony/console/Application.php(301): Symfony\\Component\\Console\\Application->doRunCommand()
#17 /usr/home/dppi/finance_rep/vendor/symfony/console/Application.php(171): Symfony\\Component\\Console\\Application->doRun()
#18 /usr/home/dppi/finance_rep/vendor/laravel/framework/src/Illuminate/Console/Application.php(102): Symfony\\Component\\Console\\Application->run()
#19 /usr/home/dppi/finance_rep/vendor/laravel/framework/src/Illuminate/Foundation/Console/Kernel.php(155): Illuminate\\Console\\Application->run()
#20 /usr/home/dppi/finance_rep/artisan(37): Illuminate\\Foundation\\Console\\Kernel->handle()
#21 {main}
"} 
[2023-11-17 08:57:34] local.ERROR: Class "DOMDocument" not found {"exception":"[object] (Error(code: 0): Class \"DOMDocument\" not found at /usr/home/dppi/finance_rep/vendor/nunomaduro/termwind/src/HtmlRenderer.php:32)
[stacktrace]
#0 /usr/home/dppi/finance_rep/vendor/nunomaduro/termwind/src/HtmlRenderer.php(24): Termwind\\HtmlRenderer->parse()
#1 /usr/home/dppi/finance_rep/vendor/nunomaduro/termwind/src/Functions.php(41): Termwind\\HtmlRenderer->render()
#2 /usr/home/dppi/finance_rep/vendor/laravel/framework/src/Illuminate/Console/View/Components/Component.php(51): Termwind\\render()
#3 /usr/home/dppi/finance_rep/vendor/laravel/framework/src/Illuminate/Console/View/Components/Line.php(49): Illuminate\\Console\\View\\Components\\Component->renderView()
#4 /usr/home/dppi/finance_rep/vendor/laravel/framework/src/Illuminate/Console/View/Components/Error.php(18): Illuminate\\Console\\View\\Components\\Line->render()
#5 /usr/home/dppi/finance_rep/vendor/laravel/framework/src/Illuminate/Console/View/Components/Factory.php(58): Illuminate\\Console\\View\\Components\\Error->render()
#6 /usr/home/dppi/finance_rep/vendor/laravel/framework/src/Illuminate/Cache/Console/ClearCommand.php(85): Illuminate\\Console\\View\\Components\\Factory->__call()
#7 /usr/home/dppi/finance_rep/vendor/laravel/framework/src/Illuminate/Container/BoundMethod.php(36): Illuminate\\Cache\\Console\\ClearCommand->handle()
#8 /usr/home/dppi/finance_rep/vendor/laravel/framework/src/Illuminate/Container/Util.php(41): Illuminate\\Container\\BoundMethod::Illuminate\\Container\\{closure}()
#9 /usr/home/dppi/finance_rep/vendor/laravel/framework/src/Illuminate/Container/BoundMethod.php(93): Illuminate\\Container\\Util::unwrapIfClosure()
#10 /usr/home/dppi/finance_rep/vendor/laravel/framework/src/Illuminate/Container/BoundMethod.php(37): Illuminate\\Container\\BoundMethod::callBoundMethod()
#11 /usr/home/dppi/finance_rep/vendor/laravel/framework/src/Illuminate/Container/Container.php(661): Illuminate\\Container\\BoundMethod::call()
#12 /usr/home/dppi/finance_rep/vendor/laravel/framework/src/Illuminate/Console/Command.php(183): Illuminate\\Container\\Container->call()
#13 /usr/home/dppi/finance_rep/vendor/symfony/console/Command/Command.php(291): Illuminate\\Console\\Command->execute()
#14 /usr/home/dppi/finance_rep/vendor/laravel/framework/src/Illuminate/Console/Command.php(153): Symfony\\Component\\Console\\Command\\Command->run()
#15 /usr/home/dppi/finance_rep/vendor/symfony/console/Application.php(1014): Illuminate\\Console\\Command->run()
#16 /usr/home/dppi/finance_rep/vendor/symfony/console/Application.php(301): Symfony\\Component\\Console\\Application->doRunCommand()
#17 /usr/home/dppi/finance_rep/vendor/symfony/console/Application.php(171): Symfony\\Component\\Console\\Application->doRun()
#18 /usr/home/dppi/finance_rep/vendor/laravel/framework/src/Illuminate/Console/Application.php(102): Symfony\\Component\\Console\\Application->run()
#19 /usr/home/dppi/finance_rep/vendor/laravel/framework/src/Illuminate/Foundation/Console/Kernel.php(155): Illuminate\\Console\\Application->run()
#20 /usr/home/dppi/finance_rep/artisan(37): Illuminate\\Foundation\\Console\\Kernel->handle()
#21 {main}
"} 
[2023-11-17 09:00:10] local.ERROR: Class "DOMDocument" not found {"exception":"[object] (Error(code: 0): Class \"DOMDocument\" not found at /usr/home/dppi/finance_rep/vendor/nunomaduro/termwind/src/HtmlRenderer.php:32)
[stacktrace]
#0 /usr/home/dppi/finance_rep/vendor/nunomaduro/termwind/src/HtmlRenderer.php(24): Termwind\\HtmlRenderer->parse()
#1 /usr/home/dppi/finance_rep/vendor/nunomaduro/termwind/src/Functions.php(41): Termwind\\HtmlRenderer->render()
#2 /usr/home/dppi/finance_rep/vendor/laravel/framework/src/Illuminate/Console/View/Components/Component.php(51): Termwind\\render()
#3 /usr/home/dppi/finance_rep/vendor/laravel/framework/src/Illuminate/Console/View/Components/Line.php(49): Illuminate\\Console\\View\\Components\\Component->renderView()
#4 /usr/home/dppi/finance_rep/vendor/laravel/framework/src/Illuminate/Console/View/Components/Info.php(18): Illuminate\\Console\\View\\Components\\Line->render()
#5 /usr/home/dppi/finance_rep/vendor/laravel/framework/src/Illuminate/Console/View/Components/Factory.php(58): Illuminate\\Console\\View\\Components\\Info->render()
#6 /usr/home/dppi/finance_rep/vendor/laravel/framework/src/Illuminate/Foundation/Console/RouteClearCommand.php(66): Illuminate\\Console\\View\\Components\\Factory->__call()
#7 /usr/home/dppi/finance_rep/vendor/laravel/framework/src/Illuminate/Container/BoundMethod.php(36): Illuminate\\Foundation\\Console\\RouteClearCommand->handle()
#8 /usr/home/dppi/finance_rep/vendor/laravel/framework/src/Illuminate/Container/Util.php(41): Illuminate\\Container\\BoundMethod::Illuminate\\Container\\{closure}()
#9 /usr/home/dppi/finance_rep/vendor/laravel/framework/src/Illuminate/Container/BoundMethod.php(93): Illuminate\\Container\\Util::unwrapIfClosure()
#10 /usr/home/dppi/finance_rep/vendor/laravel/framework/src/Illuminate/Container/BoundMethod.php(37): Illuminate\\Container\\BoundMethod::callBoundMethod()
#11 /usr/home/dppi/finance_rep/vendor/laravel/framework/src/Illuminate/Container/Container.php(661): Illuminate\\Container\\BoundMethod::call()
#12 /usr/home/dppi/finance_rep/vendor/laravel/framework/src/Illuminate/Console/Command.php(183): Illuminate\\Container\\Container->call()
#13 /usr/home/dppi/finance_rep/vendor/symfony/console/Command/Command.php(291): Illuminate\\Console\\Command->execute()
#14 /usr/home/dppi/finance_rep/vendor/laravel/framework/src/Illuminate/Console/Command.php(153): Symfony\\Component\\Console\\Command\\Command->run()
#15 /usr/home/dppi/finance_rep/vendor/symfony/console/Application.php(1014): Illuminate\\Console\\Command->run()
#16 /usr/home/dppi/finance_rep/vendor/symfony/console/Application.php(301): Symfony\\Component\\Console\\Application->doRunCommand()
#17 /usr/home/dppi/finance_rep/vendor/symfony/console/Application.php(171): Symfony\\Component\\Console\\Application->doRun()
#18 /usr/home/dppi/finance_rep/vendor/laravel/framework/src/Illuminate/Console/Application.php(102): Symfony\\Component\\Console\\Application->run()
#19 /usr/home/dppi/finance_rep/vendor/laravel/framework/src/Illuminate/Foundation/Console/Kernel.php(155): Illuminate\\Console\\Application->run()
#20 /usr/home/dppi/finance_rep/artisan(37): Illuminate\\Foundation\\Console\\Kernel->handle()
#21 {main}
"} 
[2023-11-17 09:01:14] local.ERROR: Class "DOMDocument" not found {"exception":"[object] (Error(code: 0): Class \"DOMDocument\" not found at /usr/home/dppi/finance_rep/vendor/nunomaduro/termwind/src/HtmlRenderer.php:32)
[stacktrace]
#0 /usr/home/dppi/finance_rep/vendor/nunomaduro/termwind/src/HtmlRenderer.php(24): Termwind\\HtmlRenderer->parse()
#1 /usr/home/dppi/finance_rep/vendor/nunomaduro/termwind/src/Functions.php(41): Termwind\\HtmlRenderer->render()
#2 /usr/home/dppi/finance_rep/vendor/laravel/framework/src/Illuminate/Console/View/Components/Component.php(51): Termwind\\render()
#3 /usr/home/dppi/finance_rep/vendor/laravel/framework/src/Illuminate/Console/View/Components/Line.php(49): Illuminate\\Console\\View\\Components\\Component->renderView()
#4 /usr/home/dppi/finance_rep/vendor/laravel/framework/src/Illuminate/Console/View/Components/Info.php(18): Illuminate\\Console\\View\\Components\\Line->render()
#5 /usr/home/dppi/finance_rep/vendor/laravel/framework/src/Illuminate/Console/View/Components/Factory.php(58): Illuminate\\Console\\View\\Components\\Info->render()
#6 /usr/home/dppi/finance_rep/vendor/laravel/framework/src/Illuminate/Foundation/Console/RouteClearCommand.php(66): Illuminate\\Console\\View\\Components\\Factory->__call()
#7 /usr/home/dppi/finance_rep/vendor/laravel/framework/src/Illuminate/Container/BoundMethod.php(36): Illuminate\\Foundation\\Console\\RouteClearCommand->handle()
#8 /usr/home/dppi/finance_rep/vendor/laravel/framework/src/Illuminate/Container/Util.php(41): Illuminate\\Container\\BoundMethod::Illuminate\\Container\\{closure}()
#9 /usr/home/dppi/finance_rep/vendor/laravel/framework/src/Illuminate/Container/BoundMethod.php(93): Illuminate\\Container\\Util::unwrapIfClosure()
#10 /usr/home/dppi/finance_rep/vendor/laravel/framework/src/Illuminate/Container/BoundMethod.php(37): Illuminate\\Container\\BoundMethod::callBoundMethod()
#11 /usr/home/dppi/finance_rep/vendor/laravel/framework/src/Illuminate/Container/Container.php(661): Illuminate\\Container\\BoundMethod::call()
#12 /usr/home/dppi/finance_rep/vendor/laravel/framework/src/Illuminate/Console/Command.php(183): Illuminate\\Container\\Container->call()
#13 /usr/home/dppi/finance_rep/vendor/symfony/console/Command/Command.php(291): Illuminate\\Console\\Command->execute()
#14 /usr/home/dppi/finance_rep/vendor/laravel/framework/src/Illuminate/Console/Command.php(153): Symfony\\Component\\Console\\Command\\Command->run()
#15 /usr/home/dppi/finance_rep/vendor/symfony/console/Application.php(1014): Illuminate\\Console\\Command->run()
#16 /usr/home/dppi/finance_rep/vendor/symfony/console/Application.php(301): Symfony\\Component\\Console\\Application->doRunCommand()
#17 /usr/home/dppi/finance_rep/vendor/symfony/console/Application.php(171): Symfony\\Component\\Console\\Application->doRun()
#18 /usr/home/dppi/finance_rep/vendor/laravel/framework/src/Illuminate/Console/Application.php(102): Symfony\\Component\\Console\\Application->run()
#19 /usr/home/dppi/finance_rep/vendor/laravel/framework/src/Illuminate/Foundation/Console/Kernel.php(155): Illuminate\\Console\\Application->run()
#20 /usr/home/dppi/finance_rep/artisan(37): Illuminate\\Foundation\\Console\\Kernel->handle()
#21 {main}
"} 
[2023-11-17 09:07:49] local.ERROR: Class "DOMDocument" not found {"exception":"[object] (Error(code: 0): Class \"DOMDocument\" not found at /usr/home/dppi/finance_rep/vendor/nunomaduro/termwind/src/HtmlRenderer.php:32)
[stacktrace]
#0 /usr/home/dppi/finance_rep/vendor/nunomaduro/termwind/src/HtmlRenderer.php(24): Termwind\\HtmlRenderer->parse()
#1 /usr/home/dppi/finance_rep/vendor/nunomaduro/termwind/src/Functions.php(41): Termwind\\HtmlRenderer->render()
#2 /usr/home/dppi/finance_rep/vendor/laravel/framework/src/Illuminate/Console/View/Components/Component.php(51): Termwind\\render()
#3 /usr/home/dppi/finance_rep/vendor/laravel/framework/src/Illuminate/Console/View/Components/Line.php(49): Illuminate\\Console\\View\\Components\\Component->renderView()
#4 /usr/home/dppi/finance_rep/vendor/laravel/framework/src/Illuminate/Console/View/Components/Info.php(18): Illuminate\\Console\\View\\Components\\Line->render()
#5 /usr/home/dppi/finance_rep/vendor/laravel/framework/src/Illuminate/Console/View/Components/Factory.php(58): Illuminate\\Console\\View\\Components\\Info->render()
#6 /usr/home/dppi/finance_rep/vendor/laravel/framework/src/Illuminate/Foundation/Console/StorageLinkCommand.php(63): Illuminate\\Console\\View\\Components\\Factory->__call()
#7 /usr/home/dppi/finance_rep/vendor/laravel/framework/src/Illuminate/Container/BoundMethod.php(36): Illuminate\\Foundation\\Console\\StorageLinkCommand->handle()
#8 /usr/home/dppi/finance_rep/vendor/laravel/framework/src/Illuminate/Container/Util.php(41): Illuminate\\Container\\BoundMethod::Illuminate\\Container\\{closure}()
#9 /usr/home/dppi/finance_rep/vendor/laravel/framework/src/Illuminate/Container/BoundMethod.php(93): Illuminate\\Container\\Util::unwrapIfClosure()
#10 /usr/home/dppi/finance_rep/vendor/laravel/framework/src/Illuminate/Container/BoundMethod.php(37): Illuminate\\Container\\BoundMethod::callBoundMethod()
#11 /usr/home/dppi/finance_rep/vendor/laravel/framework/src/Illuminate/Container/Container.php(661): Illuminate\\Container\\BoundMethod::call()
#12 /usr/home/dppi/finance_rep/vendor/laravel/framework/src/Illuminate/Console/Command.php(183): Illuminate\\Container\\Container->call()
#13 /usr/home/dppi/finance_rep/vendor/symfony/console/Command/Command.php(291): Illuminate\\Console\\Command->execute()
#14 /usr/home/dppi/finance_rep/vendor/laravel/framework/src/Illuminate/Console/Command.php(153): Symfony\\Component\\Console\\Command\\Command->run()
#15 /usr/home/dppi/finance_rep/vendor/symfony/console/Application.php(1014): Illuminate\\Console\\Command->run()
#16 /usr/home/dppi/finance_rep/vendor/symfony/console/Application.php(301): Symfony\\Component\\Console\\Application->doRunCommand()
#17 /usr/home/dppi/finance_rep/vendor/symfony/console/Application.php(171): Symfony\\Component\\Console\\Application->doRun()
#18 /usr/home/dppi/finance_rep/vendor/laravel/framework/src/Illuminate/Console/Application.php(102): Symfony\\Component\\Console\\Application->run()
#19 /usr/home/dppi/finance_rep/vendor/laravel/framework/src/Illuminate/Foundation/Console/Kernel.php(155): Illuminate\\Console\\Application->run()
#20 /usr/home/dppi/finance_rep/artisan(37): Illuminate\\Foundation\\Console\\Kernel->handle()
#21 {main}
"} 
